<?xml version="1.0" encoding="UTF-8"?>
<!-- Generated by org.testng.reporters.JUnitReportReporter -->
<testsuite hostname="DEEPU" failures="0" tests="1" name="group1.carina.demo.HelloWorld" time="0.101" errors="0" timestamp="2025-10-29T02:03:17 IST" skipped="0">
  <testcase classname="group1.carina.demo.HelloWorld" name="helloWorld" time="0.101"/>
  <system-out/>
</testsuite> <!-- group1.carina.demo.HelloWorld -->
